<?xml version="1.0" encoding="UTF-8"?>
<!-- Generated by org.testng.reporters.JUnitReportReporter -->
<testsuite hostname="ENEGQA09" failures="0" tests="1" name="com.AML.TestCases.DetectionManager.VerifyingDetectionCustomerTransactionHistory" time="40.144" errors="0" timestamp="2023-02-26T11:57:05 EET" skipped="0">
  <testcase classname="com.AML.TestCases.DetectionManager.VerifyingDetectionCustomerTransactionHistory" name="VerifyingDetectionCustomerTransactionHistory_Run" time="40.144"/>
  <system-out/>
</testsuite> <!-- com.AML.TestCases.DetectionManager.VerifyingDetectionCustomerTransactionHistory -->
