<?xml version="1.0" encoding="UTF-8"?>
<!-- Generated by org.testng.reporters.JUnitReportReporter -->
<testsuite hostname="AWSTDREMW01" failures="0" tests="1" name="com.AML.TestCases.CustomerCard.CustomerCardHomePage0012" time="22.666" errors="0" timestamp="2023-08-27T23:14:35 EEST" skipped="0">
  <testcase classname="com.AML.TestCases.CustomerCard.CustomerCardHomePage0012" name="Filter_CustomerCardHomePageBy_Type" time="22.666"/>
</testsuite> <!-- com.AML.TestCases.CustomerCard.CustomerCardHomePage0012 -->
