<?xml version="1.0" encoding="UTF-8"?>
<!-- Generated by org.testng.reporters.JUnitReportReporter -->
<testsuite hostname="ENEGQA09" failures="0" tests="1" name="com.AML.TestCases.DetectionManager.AccountLinkedDetectionsData" time="45.242" errors="0" timestamp="2023-03-30T03:35:09 EET" skipped="0">
  <testcase classname="com.AML.TestCases.DetectionManager.AccountLinkedDetectionsData" name="AccountLinkedDetectionsData" time="45.242"/>
  <system-out/>
</testsuite> <!-- com.AML.TestCases.DetectionManager.AccountLinkedDetectionsData -->
