<?xml version="1.0" encoding="UTF-8"?>
<!-- Generated by org.testng.reporters.JUnitReportReporter -->
<testsuite hostname="AWSTDREMW01" failures="0" tests="1" name="com.AML.TestCases.CustomerCard.CustomerCardHomePage0014" time="26.200" errors="0" timestamp="2023-08-27T23:16:14 EEST" skipped="0">
  <testcase classname="com.AML.TestCases.CustomerCard.CustomerCardHomePage0014" name="Filter_CustomerCardHomePageBy_Branch" time="26.200"/>
</testsuite> <!-- com.AML.TestCases.CustomerCard.CustomerCardHomePage0014 -->
