<?xml version="1.0" encoding="UTF-8"?>
<!-- Generated by org.testng.reporters.JUnitReportReporter -->
<testsuite hostname="AWSTDREMW01" failures="0" tests="1" name="com.AML.TestCases.CustomerCard.CustomerCardHomePage0025" time="22.166" errors="0" timestamp="2023-08-28T00:25:48 EEST" skipped="0">
  <testcase classname="com.AML.TestCases.CustomerCard.CustomerCardHomePage0025" name="Filter_CustomerCardHomePageBy_DateOfBirth_Equals" time="22.166"/>
</testsuite> <!-- com.AML.TestCases.CustomerCard.CustomerCardHomePage0025 -->
