<?xml version="1.0" encoding="UTF-8"?>
<!-- Generated by org.testng.reporters.JUnitReportReporter -->
<testsuite hostname="ENEGQA09" failures="0" tests="1" name="com.AML.TestCases.CustomerCard.CheckingCustomeredByFilter_OverallRiskLevel_High" time="164.895" errors="0" timestamp="2023-03-14T11:05:55 EET" skipped="0">
  <testcase classname="com.AML.TestCases.CustomerCard.CheckingCustomeredByFilter_OverallRiskLevel_High" name="CheckingCustomeredByFilter_OverallRiskLevel_High_Run" time="164.895"/>
  <system-out/>
</testsuite> <!-- com.AML.TestCases.CustomerCard.CheckingCustomeredByFilter_OverallRiskLevel_High -->
