<?xml version="1.0" encoding="UTF-8"?>
<!-- Generated by org.testng.reporters.JUnitReportReporter -->
<testsuite hostname="AWSTDREMW01" failures="0" tests="1" name="com.AML.TestCases.DetectionManager.DetectionManager_0001" time="99.542" errors="0" timestamp="2023-08-27T17:21:05 EEST" skipped="0">
  <testcase classname="com.AML.TestCases.DetectionManager.DetectionManager_0001" name="GeneratingCasesOnRealDetection" time="99.542"/>
</testsuite> <!-- com.AML.TestCases.DetectionManager.DetectionManager_0001 -->
