<?xml version="1.0" encoding="UTF-8"?>
<!-- Generated by org.testng.reporters.JUnitReportReporter -->
<testsuite hostname="AWSTDREMW01" failures="0" tests="1" name="com.AML.TestCases.CustomerCard.CustomerCardHomePage0020" time="19.000" errors="0" timestamp="2023-08-28T00:21:38 EEST" skipped="0">
  <testcase classname="com.AML.TestCases.CustomerCard.CustomerCardHomePage0020" name="Filter_CustomerCardHomePageBy_OpenTasks" time="19.000"/>
</testsuite> <!-- com.AML.TestCases.CustomerCard.CustomerCardHomePage0020 -->
