<?xml version="1.0" encoding="UTF-8"?>
<!-- Generated by org.testng.reporters.JUnitReportReporter -->
<testsuite hostname="ENEGQA09" failures="0" tests="1" name="com.AML.TestCases.CustomerCard.CheckingCustomeredByFilter_OverallRiskLevel_Medium" time="122.241" errors="0" timestamp="2023-03-14T11:01:28 EET" skipped="0">
  <testcase classname="com.AML.TestCases.CustomerCard.CheckingCustomeredByFilter_OverallRiskLevel_Medium" name="CheckingCustomeredByFilter_OverallRiskLevel_Medium_Run" time="122.241"/>
  <system-out/>
</testsuite> <!-- com.AML.TestCases.CustomerCard.CheckingCustomeredByFilter_OverallRiskLevel_Medium -->
