<?xml version="1.0" encoding="UTF-8"?>
<!-- Generated by org.testng.reporters.JUnitReportReporter -->
<testsuite hostname="ENEGQA19" failures="0" tests="1" name="com.AML.TestCases.CustomerCard.CustomerDetailsIndividual0005" time="30.118" errors="0" timestamp="2023-08-15T01:48:14 EET" skipped="0">
  <testcase classname="com.AML.TestCases.CustomerCard.CustomerDetailsIndividual0005" name="Check_Customer_Individual_Tab_data" time="30.118"/>
</testsuite> <!-- com.AML.TestCases.CustomerCard.CustomerDetailsIndividual0005 -->
