<?xml version="1.0" encoding="UTF-8"?>
<!-- Generated by org.testng.reporters.JUnitReportReporter -->
<testsuite hostname="ENEGQA09" failures="0" tests="1" name="com.AML.TestCases.CustomerCard.CheckingCustomerFilteredBy_Customer_FirstName" time="30.319" errors="0" timestamp="2023-03-15T04:17:18 EET" skipped="0">
  <testcase classname="com.AML.TestCases.CustomerCard.CheckingCustomerFilteredBy_Customer_FirstName" name="CheckingWhatToQueryFlagegoryFilter_Run" time="30.319"/>
  <system-out/>
</testsuite> <!-- com.AML.TestCases.CustomerCard.CheckingCustomerFilteredBy_Customer_FirstName -->
