<?xml version="1.0" encoding="UTF-8"?>
<!-- Generated by org.testng.reporters.JUnitReportReporter -->
<testsuite hostname="ENEGQA09" failures="0" tests="1" name="com.AML.TestCases.DetectionManager_0007" time="283.844" errors="0" timestamp="2023-02-19T23:45:47 EET" skipped="0">
  <testcase classname="com.AML.TestCases.DetectionManager_0007" name="HoldingOnInvestigation_Run" time="283.844"/>
  <system-out/>
</testsuite> <!-- com.AML.TestCases.DetectionManager_0007 -->
