<?xml version="1.0" encoding="UTF-8"?>
<!-- Generated by org.testng.reporters.JUnitReportReporter -->
<testsuite hostname="ENEGQA09" failures="0" tests="1" name="com.AML.TestCases.DetectionManager_0009" time="46.143" errors="0" timestamp="2023-04-04T11:56:17 EET" skipped="0">
  <testcase classname="com.AML.TestCases.DetectionManager_0009" name="CustomerLinkedDetectionsData" time="46.143"/>
  <system-out/>
</testsuite> <!-- com.AML.TestCases.DetectionManager_0009 -->
