<?xml version="1.0" encoding="UTF-8"?>
<!-- Generated by org.testng.reporters.JUnitReportReporter -->
<testsuite hostname="ENEGQA09" failures="0" tests="1" name="com.AML.TestCases.CustomerCard.Check_Customer_Individual_Tab_data" time="52.562" errors="0" timestamp="2023-03-27T05:03:34 EET" skipped="0">
  <testcase classname="com.AML.TestCases.CustomerCard.Check_Customer_Individual_Tab_data" name="Check_Customer_Individual_Tab_data_Run" time="52.562"/>
  <system-out/>
</testsuite> <!-- com.AML.TestCases.CustomerCard.Check_Customer_Individual_Tab_data -->
