<?xml version="1.0" encoding="UTF-8"?>
<!-- Generated by org.testng.reporters.JUnitReportReporter -->
<testsuite hostname="ENEGQA19" failures="0" tests="1" name="com.AML.TestCases.CustomerCard.CustomerDetailsFinancial0005" time="29.583" errors="0" timestamp="2023-08-15T01:48:14 EET" skipped="0">
  <testcase classname="com.AML.TestCases.CustomerCard.CustomerDetailsFinancial0005" name="Check_Customer_Financial_Tab_data" time="29.583"/>
</testsuite> <!-- com.AML.TestCases.CustomerCard.CustomerDetailsFinancial0005 -->
