<?xml version="1.0" encoding="UTF-8"?>
<!-- Generated by org.testng.reporters.JUnitReportReporter -->
<testsuite hostname="AWSTDREMW01" failures="0" tests="1" name="com.AML.TestCases.CustomerCard.CustomerDetailsEntity0009" time="17.308" errors="0" timestamp="2023-09-03T05:47:53 EEST" skipped="0">
  <testcase classname="com.AML.TestCases.CustomerCard.CustomerDetailsEntity0009" name="checkConnectedCustomersGridDataInConnectionsTabForEntityCustomer" time="17.308"/>
</testsuite> <!-- com.AML.TestCases.CustomerCard.CustomerDetailsEntity0009 -->
