<?xml version="1.0" encoding="UTF-8"?>
<!-- Generated by org.testng.reporters.JUnitReportReporter -->
<testsuite hostname="AWSTDREMW01" failures="0" tests="1" name="com.AML.TestCases.CustomerCard.CustomerCardHomePage0023" time="19.434" errors="0" timestamp="2023-08-28T00:23:58 EEST" skipped="0">
  <testcase classname="com.AML.TestCases.CustomerCard.CustomerCardHomePage0023" name="Filter_CustomerCardHomePageBy_TasksAssignedTo" time="19.434"/>
</testsuite> <!-- com.AML.TestCases.CustomerCard.CustomerCardHomePage0023 -->
