<?xml version="1.0" encoding="UTF-8"?>
<!-- Generated by org.testng.reporters.JUnitReportReporter -->
<testsuite hostname="AWSTDREMW01" failures="0" tests="1" name="com.AML.TestCases.CustomerCard.CustomerCardHomePage0027" time="51.355" errors="0" timestamp="2023-08-28T00:29:45 EEST" skipped="0">
  <testcase classname="com.AML.TestCases.CustomerCard.CustomerCardHomePage0027" name="Filter_CustomerCardHomePageBy_DateOfBirth_From" time="51.355"/>
</testsuite> <!-- com.AML.TestCases.CustomerCard.CustomerCardHomePage0027 -->
