<?xml version="1.0" encoding="UTF-8"?>
<!-- Generated by org.testng.reporters.JUnitReportReporter -->
<testsuite hostname="ENEGQA09" failures="0" tests="1" name="com.AML.TestCases.DetectionManager.VerifyingDetectionTabInfoOnDetectionManager" time="37.627" errors="0" timestamp="2023-03-30T05:41:11 EET" skipped="0">
  <testcase classname="com.AML.TestCases.DetectionManager.VerifyingDetectionTabInfoOnDetectionManager" name="VerifyingDetectionTabInfoOnDetectionManager" time="37.627"/>
  <system-out/>
</testsuite> <!-- com.AML.TestCases.DetectionManager.VerifyingDetectionTabInfoOnDetectionManager -->
