<?xml version="1.0" encoding="UTF-8"?>
<!-- Generated by org.testng.reporters.JUnitReportReporter -->
<testsuite hostname="ENEGQA09" failures="0" tests="1" name="com.AML.TestCases.CustomerCard.CheckingCustomeredByFilter_ScoreRiskLevel" time="173.058" errors="0" timestamp="2023-03-13T17:36:21 EET" skipped="0">
  <testcase classname="com.AML.TestCases.CustomerCard.CheckingCustomeredByFilter_ScoreRiskLevel" name="CheckingCustomeredByFilter_ScoreRiskLevel_Run" time="173.058"/>
  <system-out/>
</testsuite> <!-- com.AML.TestCases.CustomerCard.CheckingCustomeredByFilter_ScoreRiskLevel -->
