<?xml version="1.0" encoding="UTF-8"?>
<!-- Generated by org.testng.reporters.JUnitReportReporter -->
<testsuite hostname="AWSTDREMW01" failures="0" tests="1" name="com.AML.TestCases.CustomerCard.CustomerCardHomePage0003" time="34.193" errors="0" timestamp="2023-08-27T22:44:13 EEST" skipped="0">
  <testcase classname="com.AML.TestCases.CustomerCard.CustomerCardHomePage0003" name="Filter_CustomerCardHomePageBy_Category_Entity" time="34.193"/>
</testsuite> <!-- com.AML.TestCases.CustomerCard.CustomerCardHomePage0003 -->
