<?xml version="1.0" encoding="UTF-8"?>
<!-- Generated by org.testng.reporters.JUnitReportReporter -->
<testsuite hostname="AWSTDREMW01" failures="0" tests="1" name="com.AML.TestCases.CustomerCard.CustomerDetailsEntity0002" time="25.575" errors="0" timestamp="2023-09-02T04:26:42 EEST" skipped="0">
  <testcase classname="com.AML.TestCases.CustomerCard.CustomerDetailsEntity0002" name="Validate_Entity_Customer_Compliance_Changing_Close_Monitoring_value" time="25.575"/>
</testsuite> <!-- com.AML.TestCases.CustomerCard.CustomerDetailsEntity0002 -->
