<?xml version="1.0" encoding="UTF-8"?>
<!-- Generated by org.testng.reporters.JUnitReportReporter -->
<testsuite hostname="ENEGQA19" failures="0" tests="1" name="com.AML.TestCases.CustomerCard.CustomerDetailsIndividual0009" time="52.219" errors="0" timestamp="2023-08-15T01:48:14 EET" skipped="0">
  <testcase classname="com.AML.TestCases.CustomerCard.CustomerDetailsIndividual0009" name="Validate_Individual_Customer_Genral_Details_Run" time="52.219"/>
</testsuite> <!-- com.AML.TestCases.CustomerCard.CustomerDetailsIndividual0009 -->
