<?xml version="1.0" encoding="UTF-8"?>
<!-- Generated by org.testng.reporters.JUnitReportReporter -->
<testsuite hostname="AWSTDREMW01" failures="0" tests="1" name="com.AML.TestCases.CustomerCard.CustomerCardHomePage0001" time="97.755" errors="0" timestamp="2023-08-27T22:34:50 EEST" skipped="0">
  <testcase classname="com.AML.TestCases.CustomerCard.CustomerCardHomePage0001" name="Filter_CustomerCardHomePageBy_Category_Any" time="97.755"/>
</testsuite> <!-- com.AML.TestCases.CustomerCard.CustomerCardHomePage0001 -->
