<?xml version="1.0" encoding="UTF-8"?>
<!-- Generated by org.testng.reporters.JUnitReportReporter -->
<testsuite hostname="AWSTDREMW01" failures="0" tests="1" name="com.AML.TestCases.CustomerCard.CustomerCardHomePage0005" time="19.255" errors="0" timestamp="2023-08-27T23:02:00 EEST" skipped="0">
  <testcase classname="com.AML.TestCases.CustomerCard.CustomerCardHomePage0005" name="Filter_CustomerCardHomePageBy_Customer_ID" time="19.255"/>
</testsuite> <!-- com.AML.TestCases.CustomerCard.CustomerCardHomePage0005 -->
