<?xml version="1.0" encoding="UTF-8"?>
<!-- Generated by org.testng.reporters.JUnitReportReporter -->
<testsuite hostname="AWSTDREMW01" failures="0" tests="1" name="com.AML.TestCases.CustomerCard.CustomerCardHomePage0021" time="19.169" errors="0" timestamp="2023-08-28T00:22:29 EEST" skipped="0">
  <testcase classname="com.AML.TestCases.CustomerCard.CustomerCardHomePage0021" name="Filter_CustomerCardHomePageBy_OverdueTasks" time="19.169"/>
</testsuite> <!-- com.AML.TestCases.CustomerCard.CustomerCardHomePage0021 -->
