<?xml version="1.0" encoding="UTF-8"?>
<!-- Generated by org.testng.reporters.JUnitReportReporter -->
<testsuite hostname="ENEGQA09" failures="0" tests="1" name="com.AML.TestCases.CustomerCard.CheckingCustomeredByFilter_OverallRiskLevel_Low" time="77.568" errors="0" timestamp="2023-03-14T23:30:40 EET" skipped="0">
  <testcase classname="com.AML.TestCases.CustomerCard.CheckingCustomeredByFilter_OverallRiskLevel_Low" name="CheckingCustomeredByFilter_RiskLevel_Low_Run" time="77.568"/>
  <system-out/>
</testsuite> <!-- com.AML.TestCases.CustomerCard.CheckingCustomeredByFilter_OverallRiskLevel_Low -->
