<?xml version="1.0" encoding="UTF-8"?>
<!-- Generated by org.testng.reporters.JUnitReportReporter -->
<testsuite hostname="AWSTDREMW01" failures="0" tests="1" name="com.AML.TestCases.CustomerCard.CustomerCardHomePage0034" time="22.160" errors="0" timestamp="2023-08-28T00:49:57 EEST" skipped="0">
  <testcase classname="com.AML.TestCases.CustomerCard.CustomerCardHomePage0034" name="Filter_CustomerCardHomePageBy_RiskLevel_High" time="22.160"/>
</testsuite> <!-- com.AML.TestCases.CustomerCard.CustomerCardHomePage0034 -->
