<?xml version="1.0" encoding="UTF-8"?>
<!-- Generated by org.testng.reporters.JUnitReportReporter -->
<testsuite hostname="ENEGQA09" failures="0" tests="1" name="com.AML.TestCases.CustomerCard.CustomerCardHomePage0020_00" time="42.888" errors="0" timestamp="2023-04-11T08:51:23 EET" skipped="0">
  <testcase classname="com.AML.TestCases.CustomerCard.CustomerCardHomePage0020_00" name="Filter_CustomerCardHomePageBy_OpenTasks" time="42.888"/>
  <system-out/>
</testsuite> <!-- com.AML.TestCases.CustomerCard.CustomerCardHomePage0020_00 -->
