<?xml version="1.0" encoding="UTF-8"?>
<!-- Generated by org.testng.reporters.JUnitReportReporter -->
<testsuite hostname="AWSTDREMW01" failures="0" tests="1" name="com.AML.TestCases.CustomerCard.CustomerDetailsEntity0015" time="21.327" errors="0" timestamp="2023-09-03T05:47:53 EEST" skipped="0">
  <testcase classname="com.AML.TestCases.CustomerCard.CustomerDetailsEntity0015" name="CheckEntityCustomerNotesDataInNotesTab" time="21.327"/>
</testsuite> <!-- com.AML.TestCases.CustomerCard.CustomerDetailsEntity0015 -->
