<?xml version="1.0" encoding="UTF-8"?>
<!-- Generated by org.testng.reporters.JUnitReportReporter -->
<testsuite hostname="ENEGQA09" failures="0" tests="1" name="com.AML.TestCases.CustomerCard.CheckingCustomeredByFilter_ComplianceMonitoring_WithYesOption" time="152.782" errors="0" timestamp="2023-03-15T04:17:18 EET" skipped="0">
  <testcase classname="com.AML.TestCases.CustomerCard.CheckingCustomeredByFilter_ComplianceMonitoring_WithYesOption" name="CheckingCustomeredByFilter_ComplianceMonitoring_WithYesOptio_Run" time="152.782"/>
  <system-out/>
</testsuite> <!-- com.AML.TestCases.CustomerCard.CheckingCustomeredByFilter_ComplianceMonitoring_WithYesOption -->
