<?xml version="1.0" encoding="UTF-8"?>
<!-- Generated by org.testng.reporters.JUnitReportReporter -->
<testsuite hostname="AWSTDREMW01" failures="0" tests="1" name="com.AML.TestCases.CustomerCard.CustomerCardHomePage0009" time="19.318" errors="0" timestamp="2023-08-27T23:05:16 EEST" skipped="0">
  <testcase classname="com.AML.TestCases.CustomerCard.CustomerCardHomePage0009" name="Filter_CustomerCardHomePageBy_CorporateName" time="19.318"/>
</testsuite> <!-- com.AML.TestCases.CustomerCard.CustomerCardHomePage0009 -->
