<?xml version="1.0" encoding="UTF-8"?>
<!-- Generated by org.testng.reporters.JUnitReportReporter -->
<testsuite hostname="AWSTDREMW01" failures="0" tests="1" name="com.AML.TestCases.CustomerCard.CustomerCardHomePage0011" time="26.417" errors="0" timestamp="2023-08-27T23:13:52 EEST" skipped="0">
  <testcase classname="com.AML.TestCases.CustomerCard.CustomerCardHomePage0011" name="Filter_CustomerCardHomePageBy_Status" time="26.417"/>
</testsuite> <!-- com.AML.TestCases.CustomerCard.CustomerCardHomePage0011 -->
