<?xml version="1.0" encoding="UTF-8"?>
<!-- Generated by org.testng.reporters.JUnitReportReporter -->
<testsuite hostname="ENEGQA09" failures="0" tests="1" name="com.AML.TestCases.DetectionManager.VerifyingDetectionCustomerAttachments" time="286.838" errors="0" timestamp="2023-02-25T15:07:38 EET" skipped="0">
  <testcase classname="com.AML.TestCases.DetectionManager.VerifyingDetectionCustomerAttachments" name="VerifyingDetectionCustomerAttachments_Run" time="286.838"/>
  <system-out/>
</testsuite> <!-- com.AML.TestCases.DetectionManager.VerifyingDetectionCustomerAttachments -->
