<?xml version="1.0" encoding="UTF-8"?>
<!-- Generated by org.testng.reporters.JUnitReportReporter -->
<testsuite hostname="AWSTDREMW01" failures="0" tests="1" name="com.AML.TestCases.DetectionManager.DetectionManager_0013" time="126.461" errors="0" timestamp="2023-08-27T13:15:44 EEST" skipped="0">
  <testcase classname="com.AML.TestCases.DetectionManager.DetectionManager_0013" name="VerifyingDetectionAccountNotes" time="126.461"/>
</testsuite> <!-- com.AML.TestCases.DetectionManager.DetectionManager_0013 -->
