<?xml version="1.0" encoding="UTF-8"?>
<!-- Generated by org.testng.reporters.JUnitReportReporter -->
<testsuite hostname="ENEGQA19" failures="0" tests="1" name="docker.EdgeTest" time="29.140" errors="0" timestamp="2024-04-28T11:18:59 EET" skipped="0">
  <testcase classname="docker.EdgeTest" name="TestEdge" time="29.140"/>
</testsuite> <!-- docker.EdgeTest -->
