<?xml version="1.0" encoding="UTF-8"?>
<!-- Generated by org.testng.reporters.JUnitReportReporter -->
<testsuite hostname="ENEGQA09" failures="0" tests="1" name="com.AML.TestCases.CustomerCard.CheckingCustomeredByFilter_ComplianceMonitoring_WithNoOption" time="152.758" errors="0" timestamp="2023-03-15T04:17:18 EET" skipped="0">
  <testcase classname="com.AML.TestCases.CustomerCard.CheckingCustomeredByFilter_ComplianceMonitoring_WithNoOption" name="CheckingCustomeredByFilter_ComplianceMonitoring_WithNoOption_Run" time="152.758"/>
  <system-out/>
</testsuite> <!-- com.AML.TestCases.CustomerCard.CheckingCustomeredByFilter_ComplianceMonitoring_WithNoOption -->
