<?xml version="1.0" encoding="UTF-8"?>
<!-- Generated by org.testng.reporters.JUnitReportReporter -->
<testsuite hostname="ENEGQA09" failures="0" tests="1" name="com.AML.TestCases.CustomerCard.CheckingCustomeredByFilter_Monitoring_WithNoOpition" time="40.458" errors="0" timestamp="2023-03-15T04:17:18 EET" skipped="0">
  <testcase classname="com.AML.TestCases.CustomerCard.CheckingCustomeredByFilter_Monitoring_WithNoOpition" name="CheckingWhatToQueryFlagegoryFilter_Entity_Run" time="40.458"/>
  <system-out/>
</testsuite> <!-- com.AML.TestCases.CustomerCard.CheckingCustomeredByFilter_Monitoring_WithNoOpition -->
