<?xml version="1.0" encoding="UTF-8"?>
<!-- Generated by org.testng.reporters.JUnitReportReporter -->
<testsuite hostname="AWSTDREMW01" failures="0" tests="1" name="com.AML.TestCases.CustomerCard.CustomerCardHomePage0031" time="24.456" errors="0" timestamp="2023-08-28T00:44:23 EEST" skipped="0">
  <testcase classname="com.AML.TestCases.CustomerCard.CustomerCardHomePage0031" name="Filter_CustomerCardHomePageBy_Nationality" time="24.456"/>
</testsuite> <!-- com.AML.TestCases.CustomerCard.CustomerCardHomePage0031 -->
