<?xml version="1.0" encoding="UTF-8"?>
<!-- Generated by org.testng.reporters.JUnitReportReporter -->
<testsuite hostname="AWSTDREMW01" failures="0" tests="1" name="com.AML.TestCases.CustomerCard.CustomerCardHomePage0030" time="20.070" errors="0" timestamp="2023-08-28T00:43:38 EEST" skipped="0">
  <testcase classname="com.AML.TestCases.CustomerCard.CustomerCardHomePage0030" name="Filter_CustomerCardHomePageBy_Customer_StreetName" time="20.070"/>
</testsuite> <!-- com.AML.TestCases.CustomerCard.CustomerCardHomePage0030 -->
