<?xml version="1.0" encoding="UTF-8"?>
<!-- Generated by org.testng.reporters.JUnitReportReporter -->
<testsuite hostname="AWSTDREMW01" failures="0" tests="1" name="com.AML.TestCases.CustomerCard.CustomerDetailsEntity0015" time="21.441" errors="0" timestamp="2023-09-02T03:41:25 EEST" skipped="0">
  <testcase classname="com.AML.TestCases.CustomerCard.CustomerDetailsEntity0015" name="Check_Data_In_Declaration_Tab_For_Entity_Customer" time="21.441"/>
</testsuite> <!-- com.AML.TestCases.CustomerCard.CustomerDetailsEntity0015 -->
