<?xml version="1.0" encoding="UTF-8"?>
<!-- Generated by org.testng.reporters.JUnitReportReporter -->
<testsuite hostname="AWSTDREMW01" failures="0" tests="1" name="com.AML.TestCases.CustomerCard.CustomerCardHomePage0028" time="26.838" errors="0" timestamp="2023-08-28T00:30:46 EEST" skipped="0">
  <testcase classname="com.AML.TestCases.CustomerCard.CustomerCardHomePage0028" name="Filter_CustomerCardHomePageBy_DateOfBirth_Between_Run" time="26.838"/>
</testsuite> <!-- com.AML.TestCases.CustomerCard.CustomerCardHomePage0028 -->
