<?xml version="1.0" encoding="UTF-8"?>
<!-- Generated by org.testng.reporters.JUnitReportReporter -->
<testsuite hostname="AWSTDREMW01" failures="0" tests="1" name="com.AML.TestCases.CustomerCard.CustomerCardHomePage0040" time="33.237" errors="0" timestamp="2023-08-28T01:06:55 EEST" skipped="0">
  <testcase classname="com.AML.TestCases.CustomerCard.CustomerCardHomePage0040" name="Filter_CustomerCardHomePageBy_BankRiskLevel_MEDIUM" time="33.237"/>
</testsuite> <!-- com.AML.TestCases.CustomerCard.CustomerCardHomePage0040 -->
