<?xml version="1.0" encoding="UTF-8"?>
<!-- Generated by org.testng.reporters.JUnitReportReporter -->
<testsuite hostname="ENEGQA09" failures="0" tests="1" name="com.AML.TestCases.DetectionManager_0016" time="327.402" errors="0" timestamp="2023-02-19T23:45:47 EET" skipped="0">
  <testcase classname="com.AML.TestCases.DetectionManager_0016" name="VerifyingDetectionCaseNotes_Run" time="327.402"/>
  <system-out/>
</testsuite> <!-- com.AML.TestCases.DetectionManager_0016 -->
