<?xml version="1.0" encoding="UTF-8"?>
<!-- Generated by org.testng.reporters.JUnitReportReporter -->
<testsuite hostname="AWSTDREMW01" failures="0" tests="1" name="com.AML.TestCases.CustomerCard.CustomerCardHomePage0032" time="38.061" errors="0" timestamp="2023-08-28T00:45:22 EEST" skipped="0">
  <testcase classname="com.AML.TestCases.CustomerCard.CustomerCardHomePage0032" name="Filter_CustomerCardHomePageBy_RiskLevel_Low" time="38.061"/>
</testsuite> <!-- com.AML.TestCases.CustomerCard.CustomerCardHomePage0032 -->
