<?xml version="1.0" encoding="UTF-8"?>
<!-- Generated by org.testng.reporters.JUnitReportReporter -->
<testsuite hostname="ENEGQA09" failures="0" tests="1" name="com.AML.TestCases.CustomerCard.CustomerDetailsIndividual000003" time="124.084" errors="0" timestamp="2023-04-16T15:19:46 EET" skipped="0">
  <testcase classname="com.AML.TestCases.CustomerCard.CustomerDetailsIndividual000003" name="Validate_Individual_Customer_Genral_Details_Run" time="124.084"/>
  <system-out/>
</testsuite> <!-- com.AML.TestCases.CustomerCard.CustomerDetailsIndividual000003 -->
