<?xml version="1.0" encoding="UTF-8"?>
<!-- Generated by org.testng.reporters.JUnitReportReporter -->
<testsuite hostname="ENEGQA09" failures="0" tests="1" name="com.AML.TestCases.DetectionManager.VerifyingDetectionCustomerNotes" time="283.050" errors="0" timestamp="2023-02-25T15:07:37 EET" skipped="0">
  <testcase classname="com.AML.TestCases.DetectionManager.VerifyingDetectionCustomerNotes" name="VerifyingDetectionCustomerNotes_Run" time="283.050"/>
  <system-out/>
</testsuite> <!-- com.AML.TestCases.DetectionManager.VerifyingDetectionCustomerNotes -->
