<?xml version="1.0" encoding="UTF-8"?>
<!-- Generated by org.testng.reporters.JUnitReportReporter -->
<testsuite hostname="ENEGQA09" failures="0" tests="1" name="com.AML.TestCases.CustomerCard.Filter_CustomerCardHomePageBy_ComplianceMonitoring_WithNotDefinedOption" time="147.055" errors="0" timestamp="2023-04-05T09:34:54 EET" skipped="0">
  <testcase classname="com.AML.TestCases.CustomerCard.Filter_CustomerCardHomePageBy_ComplianceMonitoring_WithNotDefinedOption" name="Filter_CustomerCardHomePageBy_ComplianceMonitoring_WithNotDefinedOption_Run" time="147.055"/>
  <system-out/>
</testsuite> <!-- com.AML.TestCases.CustomerCard.Filter_CustomerCardHomePageBy_ComplianceMonitoring_WithNotDefinedOption -->
