<?xml version="1.0" encoding="UTF-8"?>
<!-- Generated by org.testng.reporters.JUnitReportReporter -->
<testsuite hostname="ENEGQA19" failures="0" tests="1" name="com.AML.TestCases.DetectionManager.DetectionManager_0024" time="48.567" errors="0" timestamp="2023-08-07T19:19:39 EET" skipped="0">
  <testcase classname="com.AML.TestCases.DetectionManager.DetectionManager_0024" name="VerifyingDetectionTabInfoOnDetectionManager" time="48.567"/>
</testsuite> <!-- com.AML.TestCases.DetectionManager.DetectionManager_0024 -->
