<?xml version="1.0" encoding="UTF-8"?>
<!-- Generated by org.testng.reporters.JUnitReportReporter -->
<testsuite hostname="AWSTDREMW01" failures="0" tests="1" name="com.AML.TestCases.CustomerCard.CustomerCardHomePage0019" time="90.779" errors="0" timestamp="2023-08-27T20:06:39 EEST" skipped="0">
  <testcase classname="com.AML.TestCases.CustomerCard.CustomerCardHomePage0019" name="Filter_CustomerCardHomePageBy_Compliance_Monitoring_WithNotDefinedOption" time="90.779"/>
</testsuite> <!-- com.AML.TestCases.CustomerCard.CustomerCardHomePage0019 -->
