<?xml version="1.0" encoding="UTF-8"?>
<!-- Generated by org.testng.reporters.JUnitReportReporter -->
<testsuite hostname="ENEGQA19" failures="0" tests="1" name="com.AML.TestCases.DetectionManager.DetectionManager_0001_Test" time="240.320" errors="0" timestamp="2023-08-18T05:16:26 EET" skipped="0">
  <testcase classname="com.AML.TestCases.DetectionManager.DetectionManager_0001_Test" name="GeneratingCasesOnRealDetection" time="240.320"/>
</testsuite> <!-- com.AML.TestCases.DetectionManager.DetectionManager_0001_Test -->
