<?xml version="1.0" encoding="UTF-8"?>
<!-- Generated by org.testng.reporters.JUnitReportReporter -->
<testsuite hostname="AWSTDREMW01" failures="0" tests="1" name="com.AML.TestCases.CustomerCard.CustomerCardHomePage0024" time="32.290" errors="0" timestamp="2023-08-28T00:24:51 EEST" skipped="0">
  <testcase classname="com.AML.TestCases.CustomerCard.CustomerCardHomePage0024" name="Filter_CustomerCardHomePageBy_CustomEntity" time="32.290"/>
</testsuite> <!-- com.AML.TestCases.CustomerCard.CustomerCardHomePage0024 -->
