<?xml version="1.0" encoding="UTF-8"?>
<!-- Generated by org.testng.reporters.JUnitReportReporter -->
<testsuite hostname="AWSTDREMW01" failures="0" tests="1" name="com.AML.TestCases.DetectionManager.DetectionManager_0017" time="120.801" errors="0" timestamp="2023-08-27T13:15:44 EEST" skipped="0">
  <testcase classname="com.AML.TestCases.DetectionManager.DetectionManager_0017" name="VerifyingDetectionCaseAttachments" time="120.801"/>
</testsuite> <!-- com.AML.TestCases.DetectionManager.DetectionManager_0017 -->
