<?xml version="1.0" encoding="UTF-8"?>
<!-- Generated by org.testng.reporters.JUnitReportReporter -->
<testsuite hostname="ENEGQA19" failures="0" tests="1" name="docker.ChromeTest" time="16.650" errors="0" timestamp="2024-04-28T11:18:59 EET" skipped="0">
  <testcase classname="docker.ChromeTest" name="TestChrome" time="16.650"/>
</testsuite> <!-- docker.ChromeTest -->
