<?xml version="1.0" encoding="UTF-8"?>
<!-- Generated by org.testng.reporters.JUnitReportReporter -->
<testsuite hostname="AWSTDREMW01" failures="0" tests="1" name="com.AML.TestCases.CustomerCard.CustomerCardHomePage0015" time="95.314" errors="0" timestamp="2023-08-27T23:20:21 EEST" skipped="0">
  <testcase classname="com.AML.TestCases.CustomerCard.CustomerCardHomePage0015" name="Filter_CustomerCardHomePageBy_Close_Monitoring_WithYesOpition" time="95.314"/>
</testsuite> <!-- com.AML.TestCases.CustomerCard.CustomerCardHomePage0015 -->
