<?xml version="1.0" encoding="UTF-8"?>
<!-- Generated by org.testng.reporters.JUnitReportReporter -->
<testsuite hostname="ENEGQA09" failures="0" tests="1" name="com.AML.TestCases.DetectionManager.ConfiguringExecutingScenarioNoDetections" time="140.075" errors="0" timestamp="2023-03-30T03:35:09 EET" skipped="0">
  <testcase classname="com.AML.TestCases.DetectionManager.ConfiguringExecutingScenarioNoDetections" name="ConfiguringExecutingScenarioNoDetections_Run" time="140.075"/>
  <system-out/>
</testsuite> <!-- com.AML.TestCases.DetectionManager.ConfiguringExecutingScenarioNoDetections -->
