<?xml version="1.0" encoding="UTF-8"?>
<!-- Generated by org.testng.reporters.JUnitReportReporter -->
<testsuite hostname="AWSTDREMW01" failures="0" tests="1" name="com.AML.TestCases.CustomerCard.CustomerCardHomePage0007" time="19.213" errors="0" timestamp="2023-08-27T23:03:26 EEST" skipped="0">
  <testcase classname="com.AML.TestCases.CustomerCard.CustomerCardHomePage0007" name="Filter_CustomerCardHomePageBy_Customer_LastName" time="19.213"/>
</testsuite> <!-- com.AML.TestCases.CustomerCard.CustomerCardHomePage0007 -->
