<?xml version="1.0" encoding="UTF-8"?>
<!-- Generated by org.testng.reporters.JUnitReportReporter -->
<testsuite hostname="ENEGQA19" failures="0" tests="1" name="docker.EdgeTest" time="14.706" errors="0" timestamp="2024-04-30T02:00:08 EET" skipped="0">
  <testcase classname="docker.EdgeTest" name="TestEdge" time="14.706"/>
</testsuite> <!-- docker.EdgeTest -->
