<?xml version="1.0" encoding="UTF-8"?>
<!-- Generated by org.testng.reporters.JUnitReportReporter -->
<testsuite hostname="ENEGQA19" failures="0" tests="1" name="com.AML.TestCases.CustomerCard.CustomerDetailsFinancial0001" time="25.092" errors="0" timestamp="2023-08-18T00:16:00 EET" skipped="0">
  <testcase classname="com.AML.TestCases.CustomerCard.CustomerDetailsFinancial0001" name="Validate_Entity_Customer_Genral_Details_Run" time="25.092"/>
</testsuite> <!-- com.AML.TestCases.CustomerCard.CustomerDetailsFinancial0001 -->
