<?xml version="1.0" encoding="UTF-8"?>
<!-- Generated by org.testng.reporters.JUnitReportReporter -->
<testsuite hostname="ENEGQA19" failures="0" tests="1" name="com.AML.TestCases.DetectionManager.DetectionManager_0019_0" time="93.242" errors="0" timestamp="2023-07-27T18:37:59 EET" skipped="0">
  <testcase classname="com.AML.TestCases.DetectionManager.DetectionManager_0019_0" name="AddingTransactionAsEvidence" time="93.242"/>
</testsuite> <!-- com.AML.TestCases.DetectionManager.DetectionManager_0019_0 -->
