<?xml version="1.0" encoding="UTF-8"?>
<!-- Generated by org.testng.reporters.JUnitReportReporter -->
<testsuite hostname="ENEGQA19" failures="0" tests="1" name="com.AML.TestCases.CustomerCard.CustomerCardHomePage0001" time="229.745" errors="0" timestamp="2023-09-03T15:40:38 EET" skipped="0">
  <testcase classname="com.AML.TestCases.CustomerCard.CustomerCardHomePage0001" name="Filter_CustomerCardHomePageBy_Category_Any" time="229.745"/>
</testsuite> <!-- com.AML.TestCases.CustomerCard.CustomerCardHomePage0001 -->
