<?xml version="1.0" encoding="UTF-8"?>
<!-- Generated by org.testng.reporters.JUnitReportReporter -->
<testsuite hostname="ENEGQA09" failures="0" tests="1" name="com.AML.TestCases.GeneratingCasesOnRealDetection" time="186.839" errors="0" timestamp="2023-02-19T23:45:47 EET" skipped="0">
  <testcase classname="com.AML.TestCases.GeneratingCasesOnRealDetection" name="RealDetection_Run" time="186.839"/>
  <system-out/>
</testsuite> <!-- com.AML.TestCases.GeneratingCasesOnRealDetection -->
