<?xml version="1.0" encoding="UTF-8"?>
<!-- Generated by org.testng.reporters.JUnitReportReporter -->
<testsuite hostname="ENEGQA19" failures="0" tests="1" name="com.AML.TestCases.DetectionManager.DetectionManager_0089" time="44.602" errors="0" timestamp="2023-08-15T18:20:02 EET" skipped="0">
  <testcase classname="com.AML.TestCases.DetectionManager.DetectionManager_0089" name="AddingTransactionAsEvidence" time="44.602"/>
</testsuite> <!-- com.AML.TestCases.DetectionManager.DetectionManager_0089 -->
