<?xml version="1.0" encoding="UTF-8"?>
<!-- Generated by org.testng.reporters.JUnitReportReporter -->
<testsuite hostname="ENEGQA19" failures="0" tests="1" name="com.AML.TestCases.CustomerCard.CustomerCardHomePage0005" time="19.909" errors="0" timestamp="2023-09-03T16:03:44 EET" skipped="0">
  <testcase classname="com.AML.TestCases.CustomerCard.CustomerCardHomePage0005" name="Filter_CustomerCardHomePageBy_Customer_ID" time="19.909"/>
</testsuite> <!-- com.AML.TestCases.CustomerCard.CustomerCardHomePage0005 -->
