<?xml version="1.0" encoding="UTF-8"?>
<!-- Generated by org.testng.reporters.JUnitReportReporter -->
<testsuite hostname="ENEGQA09" failures="0" tests="1" name="com.AML.TestCases.CustomerCard.CustomerCardHomePage0020_01" time="43.617" errors="0" timestamp="2023-04-11T08:57:51 EET" skipped="0">
  <testcase classname="com.AML.TestCases.CustomerCard.CustomerCardHomePage0020_01" name="Filter_CustomerCardHomePageBy_OverdueTasks" time="43.617"/>
  <system-out/>
</testsuite> <!-- com.AML.TestCases.CustomerCard.CustomerCardHomePage0020_01 -->
