<?xml version="1.0" encoding="UTF-8"?>
<!-- Generated by org.testng.reporters.JUnitReportReporter -->
<testsuite hostname="AWSTDREMW01" failures="0" tests="1" name="com.AML.TestCases.CustomerCard.CustomerCardHomePage0039" time="41.311" errors="0" timestamp="2023-08-28T01:04:15 EEST" skipped="0">
  <testcase classname="com.AML.TestCases.CustomerCard.CustomerCardHomePage0039" name="Filter_CustomerCardHomePageBy_BankRiskLevel_Low" time="41.311"/>
</testsuite> <!-- com.AML.TestCases.CustomerCard.CustomerCardHomePage0039 -->
