<?xml version="1.0" encoding="UTF-8"?>
<!-- Generated by org.testng.reporters.JUnitReportReporter -->
<testsuite hostname="ENEGQA09" failures="0" tests="1" name="com.AML.TestCases.CustomerCard.CheckingCustomeredByFilter_BankRiskLevel_Low" time="79.089" errors="0" timestamp="2023-03-15T01:13:46 EET" skipped="0">
  <testcase classname="com.AML.TestCases.CustomerCard.CheckingCustomeredByFilter_BankRiskLevel_Low" name="CheckingCustomeredByFilter_RiskLevel_Low_Run" time="79.089"/>
  <system-out/>
</testsuite> <!-- com.AML.TestCases.CustomerCard.CheckingCustomeredByFilter_BankRiskLevel_Low -->
