<?xml version="1.0" encoding="UTF-8"?>
<!-- Generated by org.testng.reporters.JUnitReportReporter -->
<testsuite hostname="ENEGQA09" failures="0" tests="1" name="com.AML.TestCases.CustomerCard.CheckingCustomeredByFilter_OverallRiskLevel_ExtremelyHigh" time="167.904" errors="0" timestamp="2023-03-14T14:29:07 EET" skipped="0">
  <testcase classname="com.AML.TestCases.CustomerCard.CheckingCustomeredByFilter_OverallRiskLevel_ExtremelyHigh" name="CheckingCustomeredByFilter_OverallRiskLevel_ExtremelyHigh_Run" time="167.904"/>
  <system-out/>
</testsuite> <!-- com.AML.TestCases.CustomerCard.CheckingCustomeredByFilter_OverallRiskLevel_ExtremelyHigh -->
