<?xml version="1.0" encoding="UTF-8"?>
<!-- Generated by org.testng.reporters.JUnitReportReporter -->
<testsuite hostname="ENEGQA09" failures="0" tests="1" name="com.AML.TestCases.DetectionManager.VerifyingDetectionCaseAttachments" time="279.569" errors="0" timestamp="2023-02-25T15:07:38 EET" skipped="0">
  <testcase classname="com.AML.TestCases.DetectionManager.VerifyingDetectionCaseAttachments" name="VerifyingDetectionCaseAttachments_Run" time="279.569"/>
  <system-out/>
</testsuite> <!-- com.AML.TestCases.DetectionManager.VerifyingDetectionCaseAttachments -->
