<?xml version="1.0" encoding="UTF-8"?>
<!-- Generated by org.testng.reporters.JUnitReportReporter -->
<testsuite hostname="ENEGQA09" failures="0" tests="1" name="com.AML.TestCases.DetectionManager_0008" time="320.748" errors="0" timestamp="2023-02-19T23:45:47 EET" skipped="0">
  <testcase classname="com.AML.TestCases.DetectionManager_0008" name="AccountLinkedDetectionsData_Run" time="320.748"/>
  <system-out/>
</testsuite> <!-- com.AML.TestCases.DetectionManager_0008 -->
