<?xml version="1.0" encoding="UTF-8"?>
<!-- Generated by org.testng.reporters.JUnitReportReporter -->
<testsuite hostname="AWSTDREMW01" failures="0" tests="1" name="com.AML.TestCases.CustomerCard.CustomerDetailsEntity0029" time="34.198" errors="0" timestamp="2023-09-03T05:47:53 EEST" skipped="0">
  <testcase classname="com.AML.TestCases.CustomerCard.CustomerDetailsEntity0029" name="checkShareholdersAsNewTabDataAndFunctionalityForEntityCustomer" time="34.198"/>
</testsuite> <!-- com.AML.TestCases.CustomerCard.CustomerDetailsEntity0029 -->
