<?xml version="1.0" encoding="UTF-8"?>
<!-- Generated by org.testng.reporters.JUnitReportReporter -->
<testsuite hostname="AWSTDREMW01" failures="0" tests="1" name="com.AML.TestCases.CustomerCard.CustomerCardHomePage0006" time="19.224" errors="0" timestamp="2023-08-27T23:02:43 EEST" skipped="0">
  <testcase classname="com.AML.TestCases.CustomerCard.CustomerCardHomePage0006" name="Filter_CustomerCardHomePageBy_Customer_Key" time="19.224"/>
</testsuite> <!-- com.AML.TestCases.CustomerCard.CustomerCardHomePage0006 -->
