<?xml version="1.0" encoding="UTF-8"?>
<!-- Generated by org.testng.reporters.JUnitReportReporter -->
<testsuite hostname="AWSTDREMW01" failures="0" tests="1" name="com.AML.TestCases.CustomerCard.CustomerDetailsFinancial0027" time="35.347" errors="0" timestamp="2023-09-01T23:55:23 EEST" skipped="0">
  <testcase classname="com.AML.TestCases.CustomerCard.CustomerDetailsFinancial0027" name="Check_Data_In_Declaration_Tab_For_Finanacial_Customer" time="35.347"/>
</testsuite> <!-- com.AML.TestCases.CustomerCard.CustomerDetailsFinancial0027 -->
