<?xml version="1.0" encoding="UTF-8"?>
<!-- Generated by org.testng.reporters.JUnitReportReporter -->
<testsuite hostname="ENEGQA09" failures="0" tests="1" name="com.AML.TestCases.CustomerCard.CheckingCustomersByDefaultZone" time="130.266" errors="0" timestamp="2023-03-04T05:06:03 EET" skipped="0">
  <testcase classname="com.AML.TestCases.CustomerCard.CheckingCustomersByDefaultZone" name="CheckingCustomersByDefaultZone_Run" time="130.266"/>
  <system-out/>
</testsuite> <!-- com.AML.TestCases.CustomerCard.CheckingCustomersByDefaultZone -->
