<?xml version="1.0" encoding="UTF-8"?>
<!-- Generated by org.testng.reporters.JUnitReportReporter -->
<testsuite hostname="ENEGQA09" failures="0" tests="1" name="com.AML.TestCases.CustomerCard.CustomerDetailsEntity0006" time="42.963" errors="0" timestamp="2023-04-05T09:34:54 EET" skipped="0">
  <testcase classname="com.AML.TestCases.CustomerCard.CustomerDetailsEntity0006" name="Check_Data_In_The_Upper_Part_Of_Declaration_Tab" time="42.963"/>
  <system-out/>
</testsuite> <!-- com.AML.TestCases.CustomerCard.CustomerDetailsEntity0006 -->
