<?xml version="1.0" encoding="UTF-8"?>
<!-- Generated by org.testng.reporters.JUnitReportReporter -->
<testsuite hostname="AWSTDREMW01" failures="0" tests="1" name="com.AML.TestCases.CustomerCard.CustomerCardHomePage0036" time="33.630" errors="0" timestamp="2023-08-28T00:55:32 EEST" skipped="0">
  <testcase classname="com.AML.TestCases.CustomerCard.CustomerCardHomePage0036" name="Filter_CustomerCardHomePageBy_ScoreRiskLevel_Minimum" time="33.630"/>
</testsuite> <!-- com.AML.TestCases.CustomerCard.CustomerCardHomePage0036 -->
