<?xml version="1.0" encoding="UTF-8"?>
<!-- Generated by org.testng.reporters.JUnitReportReporter -->
<testsuite hostname="AWSTDREMW01" failures="0" tests="1" name="com.AML.TestCases.CustomerCard.CustomerCardHomePage0043" time="38.638" errors="0" timestamp="2023-08-28T01:14:35 EEST" skipped="0">
  <testcase classname="com.AML.TestCases.CustomerCard.CustomerCardHomePage0043" name="Filter_CustomerCardHomePageBy_OverallRiskLevel_Low" time="38.638"/>
</testsuite> <!-- com.AML.TestCases.CustomerCard.CustomerCardHomePage0043 -->
