<?xml version="1.0" encoding="UTF-8"?>
<!-- Generated by org.testng.reporters.JUnitReportReporter -->
<testsuite hostname="ENEGQA09" failures="0" tests="1" name="com.AML.TestCases.DetectionManager.DoNotGeneratingCasesOnFalsePositive" time="195.173" errors="0" timestamp="2023-02-25T15:07:38 EET" skipped="0">
  <testcase classname="com.AML.TestCases.DetectionManager.DoNotGeneratingCasesOnFalsePositive" name="FalsePositive_Run" time="195.173"/>
  <system-out/>
</testsuite> <!-- com.AML.TestCases.DetectionManager.DoNotGeneratingCasesOnFalsePositive -->
