<?xml version="1.0" encoding="UTF-8"?>
<!-- Generated by org.testng.reporters.JUnitReportReporter -->
<testsuite hostname="ENEGQA09" failures="0" tests="1" name="com.AML.TestCases.CustomerCard.CheckingCustomeredByFilter_Monitoring" time="140.777" errors="0" timestamp="2023-03-05T15:15:31 EET" skipped="0">
  <testcase classname="com.AML.TestCases.CustomerCard.CheckingCustomeredByFilter_Monitoring" name="CheckingCustomerCategoryFilter_Entity_Run" time="140.777"/>
  <system-out/>
</testsuite> <!-- com.AML.TestCases.CustomerCard.CheckingCustomeredByFilter_Monitoring -->
