<?xml version="1.0" encoding="UTF-8"?>
<!-- Generated by org.testng.reporters.JUnitReportReporter -->
<testsuite hostname="ENEGQA09" failures="0" tests="1" name="com.AML.TestCases.CustomerCard.CheckingCustomeredByFilter_BankRiskLevel_MEDIUM" time="61.525" errors="0" timestamp="2023-03-15T00:10:03 EET" skipped="0">
  <testcase classname="com.AML.TestCases.CustomerCard.CheckingCustomeredByFilter_BankRiskLevel_MEDIUM" name="CheckingCustomeredByFilter_RiskLevel_Low_Run" time="61.525"/>
  <system-out/>
</testsuite> <!-- com.AML.TestCases.CustomerCard.CheckingCustomeredByFilter_BankRiskLevel_MEDIUM -->
