<?xml version="1.0" encoding="UTF-8"?>
<!-- Generated by org.testng.reporters.JUnitReportReporter -->
<testsuite hostname="ENEGQA09" failures="0" tests="1" name="com.AML.TestCases.CustomerCard.CheckingCustomerFilteredBy_ID" time="39.751" errors="0" timestamp="2023-03-15T04:17:18 EET" skipped="0">
  <testcase classname="com.AML.TestCases.CustomerCard.CheckingCustomerFilteredBy_ID" name="CheckingWhatToQueryFlagegoryFilter_Run" time="39.751"/>
  <system-out/>
</testsuite> <!-- com.AML.TestCases.CustomerCard.CheckingCustomerFilteredBy_ID -->
