<?xml version="1.0" encoding="UTF-8"?>
<!-- Generated by org.testng.reporters.JUnitReportReporter -->
<testsuite hostname="AWSTDREMW01" failures="0" tests="1" name="com.AML.TestCases.CustomerCard.CustomerCardHomePage0046" time="17.823" errors="0" timestamp="2023-08-28T01:18:59 EEST" skipped="0">
  <testcase classname="com.AML.TestCases.CustomerCard.CustomerCardHomePage0046" name="Filter_CustomerCardHomePageBy_OverallRiskLevel_ExtremelyHigh" time="17.823"/>
</testsuite> <!-- com.AML.TestCases.CustomerCard.CustomerCardHomePage0046 -->
