<?xml version="1.0" encoding="UTF-8"?>
<!-- Generated by org.testng.reporters.JUnitReportReporter -->
<testsuite hostname="AWSTDREMW01" failures="0" tests="1" name="com.AML.TestCases.CustomerCard.CustomerCardHomePage0041" time="42.332" errors="0" timestamp="2023-08-28T01:12:25 EEST" skipped="0">
  <testcase classname="com.AML.TestCases.CustomerCard.CustomerCardHomePage0041" name="Filter_CustomerCardHomePageBy_BankRiskLevel_HIGH" time="42.332"/>
</testsuite> <!-- com.AML.TestCases.CustomerCard.CustomerCardHomePage0041 -->
