<?xml version="1.0" encoding="UTF-8"?>
<!-- Generated by org.testng.reporters.JUnitReportReporter -->
<testsuite hostname="AWSTDREMW01" failures="0" tests="1" name="com.AML.TestCases.CustomerCard.CustomerCardHomePage0035" time="21.738" errors="0" timestamp="2023-08-28T00:54:06 EEST" skipped="0">
  <testcase classname="com.AML.TestCases.CustomerCard.CustomerCardHomePage0035" name="Filter_CustomerCardHomePageBy_RiskLevel_ExtremelyHigh" time="21.738"/>
</testsuite> <!-- com.AML.TestCases.CustomerCard.CustomerCardHomePage0035 -->
