<?xml version="1.0" encoding="UTF-8"?>
<!-- Generated by org.testng.reporters.JUnitReportReporter -->
<testsuite hostname="ENEGQA19" failures="0" tests="1" name="docker.FirefoxTest" time="25.818" errors="0" timestamp="2024-04-28T11:18:59 EET" skipped="0">
  <testcase classname="docker.FirefoxTest" name="TestFirefox" time="25.818"/>
</testsuite> <!-- docker.FirefoxTest -->
