<?xml version="1.0" encoding="UTF-8"?>
<!-- Generated by org.testng.reporters.JUnitReportReporter -->
<testsuite hostname="ENEGQA09" failures="0" tests="1" name="com.AML.TestCases.DetectionManager.CustomerLinkedDetectionsData" time="49.236" errors="0" timestamp="2023-03-30T04:34:00 EET" skipped="0">
  <testcase classname="com.AML.TestCases.DetectionManager.CustomerLinkedDetectionsData" name="CustomerLinkedDetectionsData" time="49.236"/>
  <system-out/>
</testsuite> <!-- com.AML.TestCases.DetectionManager.CustomerLinkedDetectionsData -->
