<?xml version="1.0" encoding="UTF-8"?>
<!-- Generated by org.testng.reporters.JUnitReportReporter -->
<testsuite hostname="ENEGQA09" failures="0" tests="1" name="com.AML.TestCases.CustomerCard.CheckingCustomeredByFilter_ScoreRiskLevel_Minimum" time="60.701" errors="0" timestamp="2023-03-13T18:08:35 EET" skipped="0">
  <testcase classname="com.AML.TestCases.CustomerCard.CheckingCustomeredByFilter_ScoreRiskLevel_Minimum" name="CheckingCustomeredByFilter_ScoreRiskLevel_Run" time="60.701"/>
  <system-out/>
</testsuite> <!-- com.AML.TestCases.CustomerCard.CheckingCustomeredByFilter_ScoreRiskLevel_Minimum -->
