<?xml version="1.0" encoding="UTF-8"?>
<!-- Generated by org.testng.reporters.JUnitReportReporter -->
<testsuite hostname="AWSTDREMW01" failures="0" tests="1" name="com.AML.TestCases.CustomerCard.CustomerCardHomePage0029" time="19.134" errors="0" timestamp="2023-08-28T00:32:21 EEST" skipped="0">
  <testcase classname="com.AML.TestCases.CustomerCard.CustomerCardHomePage0029" name="Filter_CustomerCardHomePageBy_CityOfBirth" time="19.134"/>
</testsuite> <!-- com.AML.TestCases.CustomerCard.CustomerCardHomePage0029 -->
