<?xml version="1.0" encoding="UTF-8"?>
<!-- Generated by org.testng.reporters.JUnitReportReporter -->
<testsuite hostname="AWSTDREMW01" failures="0" tests="1" name="com.AML.TestCases.CustomerCard.CustomerCardHomePage0033" time="83.075" errors="0" timestamp="2023-08-28T00:49:13 EEST" skipped="0">
  <testcase classname="com.AML.TestCases.CustomerCard.CustomerCardHomePage0033" name="Filter_CustomerCardHomePageBy_RiskLevel_Medium" time="83.075"/>
</testsuite> <!-- com.AML.TestCases.CustomerCard.CustomerCardHomePage0033 -->
