<?xml version="1.0" encoding="UTF-8"?>
<!-- Generated by org.testng.reporters.JUnitReportReporter -->
<testsuite hostname="AWSTDREMW01" failures="0" tests="1" name="com.AML.TestCases.CustomerCard.CustomerCardHomePage0004" time="30.506" errors="0" timestamp="2023-08-27T23:00:55 EEST" skipped="0">
  <testcase classname="com.AML.TestCases.CustomerCard.CustomerCardHomePage0004" name="CheckingCustomerCardHomePageCategoryFilter_Financial" time="30.506"/>
</testsuite> <!-- com.AML.TestCases.CustomerCard.CustomerCardHomePage0004 -->
