<?xml version="1.0" encoding="UTF-8"?>
<!-- Generated by org.testng.reporters.JUnitReportReporter -->
<testsuite hostname="AWSTDREMW01" failures="0" tests="1" name="com.AML.TestCases.CustomerCard.CustomerCardHomePage0002" time="71.214" errors="0" timestamp="2023-08-27T22:40:11 EEST" skipped="0">
  <testcase classname="com.AML.TestCases.CustomerCard.CustomerCardHomePage0002" name="Filter_CustomerCardHomePageBy_Category_Individual" time="71.214"/>
</testsuite> <!-- com.AML.TestCases.CustomerCard.CustomerCardHomePage0002 -->
