<?xml version="1.0" encoding="UTF-8"?>
<!-- Generated by org.testng.reporters.JUnitReportReporter -->
<testsuite hostname="ENEGQA09" failures="0" tests="1" name="com.AML.TestCases.CustomerCard.CustomerDetailsFinancial0002" time="70.385" errors="0" timestamp="2023-04-05T09:34:54 EET" skipped="0">
  <testcase classname="com.AML.TestCases.CustomerCard.CustomerDetailsFinancial0002" name="Validate_Financial_Customer_Genral_Details_Run" time="70.385"/>
  <system-out/>
</testsuite> <!-- com.AML.TestCases.CustomerCard.CustomerDetailsFinancial0002 -->
