<?xml version="1.0" encoding="UTF-8"?>
<!-- Generated by org.testng.reporters.JUnitReportReporter -->
<testsuite hostname="ENEGQA09" failures="0" tests="1" name="com.AML.TestCases.DetectionManager_0005" time="321.402" errors="0" timestamp="2023-04-04T11:56:17 EET" skipped="0">
  <testcase classname="com.AML.TestCases.DetectionManager_0005" name="ChangingStatusForMultipleDetections" time="321.402"/>
  <system-out/>
</testsuite> <!-- com.AML.TestCases.DetectionManager_0005 -->
