<?xml version="1.0" encoding="UTF-8"?>
<!-- Generated by org.testng.reporters.JUnitReportReporter -->
<testsuite hostname="AWSTDREMW01" failures="0" tests="1" name="com.AML.TestCases.CustomerCard.CustomerCardHomePage0038" time="21.942" errors="0" timestamp="2023-08-28T00:58:22 EEST" skipped="0">
  <testcase classname="com.AML.TestCases.CustomerCard.CustomerCardHomePage0038" name="Filter_CustomerCardHomePageBy_ScoreRiskLevel_Equals" time="21.942"/>
</testsuite> <!-- com.AML.TestCases.CustomerCard.CustomerCardHomePage0038 -->
