<?xml version="1.0" encoding="UTF-8"?>
<!-- Generated by org.testng.reporters.JUnitReportReporter -->
<testsuite hostname="AWSTDREMW01" failures="0" tests="1" name="com.AML.TestCases.CustomerCard.CustomerDetailsEntity0003" time="36.053" errors="0" timestamp="2023-09-02T03:41:25 EEST" skipped="0">
  <testcase classname="com.AML.TestCases.CustomerCard.CustomerDetailsEntity0003" name="Validate_Individual_Customer_Genral_Details_Run" time="36.053"/>
</testsuite> <!-- com.AML.TestCases.CustomerCard.CustomerDetailsEntity0003 -->
