<?xml version="1.0" encoding="UTF-8"?>
<!-- Generated by org.testng.reporters.JUnitReportReporter -->
<testsuite hostname="AWSTDREMW01" failures="0" tests="1" name="com.AML.TestCases.CustomerCard.CustomerCardHomePage0022" time="20.535" errors="0" timestamp="2023-08-28T00:23:15 EEST" skipped="0">
  <testcase classname="com.AML.TestCases.CustomerCard.CustomerCardHomePage0022" name="Filter_CustomerCardHomePageBy_TaskType" time="20.535"/>
</testsuite> <!-- com.AML.TestCases.CustomerCard.CustomerCardHomePage0022 -->
