<?xml version="1.0" encoding="UTF-8"?>
<!-- Generated by org.testng.reporters.JUnitReportReporter -->
<testsuite hostname="ENEGQA09" failures="0" tests="1" name="com.AML.TestCases.CustomerCard.CheckingCustomeredByFilter_RiskLevel_Medium" time="152.309" errors="0" timestamp="2023-03-14T10:30:00 EET" skipped="0">
  <testcase classname="com.AML.TestCases.CustomerCard.CheckingCustomeredByFilter_RiskLevel_Medium" name="CheckingCustomeredByFilter_RiskLevel_Low_Run" time="152.309"/>
  <system-out/>
</testsuite> <!-- com.AML.TestCases.CustomerCard.CheckingCustomeredByFilter_RiskLevel_Medium -->
