<?xml version="1.0" encoding="UTF-8"?>
<!-- Generated by org.testng.reporters.JUnitReportReporter -->
<testsuite hostname="AWSTDREMW01" failures="0" tests="1" name="com.AML.TestCases.CustomerCard.CustomerCardHomePage0026" time="41.109" errors="0" timestamp="2023-08-28T00:27:01 EEST" skipped="0">
  <testcase classname="com.AML.TestCases.CustomerCard.CustomerCardHomePage0026" name="Filter_CustomerCardHomePageBy_DateOfBirth_To" time="41.109"/>
</testsuite> <!-- com.AML.TestCases.CustomerCard.CustomerCardHomePage0026 -->
