<?xml version="1.0" encoding="UTF-8"?>
<!-- Generated by org.testng.reporters.JUnitReportReporter -->
<testsuite hostname="AWSTDREMW01" failures="0" tests="1" name="com.AML.TestCases.CustomerCard.CustomerCardHomePage0010" time="30.379" errors="0" timestamp="2023-08-27T23:10:22 EEST" skipped="0">
  <testcase classname="com.AML.TestCases.CustomerCard.CustomerCardHomePage0010" name="Filter_CustomerCardHomePageBy_GroupName" time="30.379"/>
</testsuite> <!-- com.AML.TestCases.CustomerCard.CustomerCardHomePage0010 -->
