<?xml version="1.0" encoding="UTF-8"?>
<!-- Generated by org.testng.reporters.JUnitReportReporter -->
<testsuite hostname="AWSTDREMW01" failures="0" tests="1" name="com.AML.TestCases.CustomerCard.CustomerCardHomePage0017" time="17.900" errors="0" timestamp="2023-08-27T23:21:47 EEST" skipped="0">
  <testcase classname="com.AML.TestCases.CustomerCard.CustomerCardHomePage0017" name="Filter_CustomerCardHomePageBy_Compliance_Monitoring_WithYesOption" time="17.900"/>
</testsuite> <!-- com.AML.TestCases.CustomerCard.CustomerCardHomePage0017 -->
