<?xml version="1.0" encoding="UTF-8"?>
<!-- Generated by org.testng.reporters.JUnitReportReporter -->
<testsuite hostname="AWSTDREMW01" failures="0" tests="1" name="com.AML.TestCases.CustomerCard.CustomerCardHomePage0044" time="89.042" errors="0" timestamp="2023-08-28T01:16:49 EEST" skipped="0">
  <testcase classname="com.AML.TestCases.CustomerCard.CustomerCardHomePage0044" name="Filter_CustomerCardHomePageBy_OverallRiskLevel_Medium" time="89.042"/>
</testsuite> <!-- com.AML.TestCases.CustomerCard.CustomerCardHomePage0044 -->
