<?xml version="1.0" encoding="UTF-8"?>
<!-- Generated by org.testng.reporters.JUnitReportReporter -->
<testsuite hostname="ENEGQA19" failures="0" tests="1" name="com.AML.TestCases.CustomerCard.CustomerDetailsIndividual0003" time="137.332" errors="0" timestamp="2023-07-02T06:48:53 EET" skipped="0">
  <testcase classname="com.AML.TestCases.CustomerCard.CustomerDetailsIndividual0003" name="Validate_Individual_Customer_Genral_Details_Run" time="137.332"/>
</testsuite> <!-- com.AML.TestCases.CustomerCard.CustomerDetailsIndividual0003 -->
