<?xml version="1.0" encoding="UTF-8"?>
<!-- Generated by org.testng.reporters.JUnitReportReporter -->
<testsuite hostname="AWSTDREMW01" failures="0" tests="1" name="com.AML.TestCases.CustomerCard.CustomerCardHomePage0013" time="23.356" errors="0" timestamp="2023-08-27T23:15:27 EEST" skipped="0">
  <testcase classname="com.AML.TestCases.CustomerCard.CustomerCardHomePage0013" name="Filter_CustomerCardHomePageBy_SubType" time="23.356"/>
</testsuite> <!-- com.AML.TestCases.CustomerCard.CustomerCardHomePage0013 -->
