<?xml version="1.0" encoding="UTF-8"?>
<!-- Generated by org.testng.reporters.JUnitReportReporter -->
<testsuite hostname="ENEGQA19" failures="0" tests="1" name="com.AML.TestCases.CustomerCard.CustomerDetailsFinancial0033" time="153.452" errors="0" timestamp="2023-07-25T11:10:46 EET" skipped="0">
  <testcase classname="com.AML.TestCases.CustomerCard.CustomerDetailsFinancial0033" name="Check_Data_In_Declaration_Tab_For_Finanacial_Customer" time="153.452"/>
</testsuite> <!-- com.AML.TestCases.CustomerCard.CustomerDetailsFinancial0033 -->
