<?xml version="1.0" encoding="UTF-8"?>
<!-- Generated by org.testng.reporters.JUnitReportReporter -->
<testsuite hostname="ENEGQA09" failures="0" tests="1" name="com.AML.TestCases.CustomerCard.CheckingCustomerCategoryFilter" time="35.398" errors="0" timestamp="2023-03-02T12:22:35 EET" skipped="0">
  <testcase classname="com.AML.TestCases.CustomerCard.CheckingCustomerCategoryFilter" name="CheckingCustomerCategoryFilter_Run" time="35.398"/>
  <system-out/>
</testsuite> <!-- com.AML.TestCases.CustomerCard.CheckingCustomerCategoryFilter -->
