<?xml version="1.0" encoding="UTF-8"?>
<!-- Generated by org.testng.reporters.JUnitReportReporter -->
<testsuite hostname="ENEGQA09" failures="0" tests="1" name="com.AML.TestCases.DetectionManager.VerifyingDetectionAccountNotes" time="344.140" errors="0" timestamp="2023-03-29T10:55:58 EET" skipped="0">
  <testcase classname="com.AML.TestCases.DetectionManager.VerifyingDetectionAccountNotes" name="VerifyingDetectionAccountNotes_Run" time="344.140"/>
  <system-out/>
</testsuite> <!-- com.AML.TestCases.DetectionManager.VerifyingDetectionAccountNotes -->
