<?xml version="1.0" encoding="UTF-8"?>
<!-- Generated by org.testng.reporters.JUnitReportReporter -->
<testsuite hostname="AWSTDREMW01" failures="0" tests="1" name="com.AML.TestCases.DetectionManager.DetectionManager_0003" time="87.630" errors="0" timestamp="2023-08-27T13:15:44 EEST" skipped="0">
  <testcase classname="com.AML.TestCases.DetectionManager.DetectionManager_0003" name="FalsePositive" time="87.630"/>
</testsuite> <!-- com.AML.TestCases.DetectionManager.DetectionManager_0003 -->
