<?xml version="1.0" encoding="UTF-8"?>
<!-- Generated by org.testng.reporters.JUnitReportReporter -->
<testsuite hostname="ENEGQA09" failures="0" tests="1" name="com.AML.TestCases.CustomerCard.CustomerDetailsFinancial0001" time="162.952" errors="0" timestamp="2023-04-05T09:34:54 EET" skipped="0">
  <testcase classname="com.AML.TestCases.CustomerCard.CustomerDetailsFinancial0001" name="Validate_Entity_Customer_Genral_Details_Run" time="162.952"/>
  <system-out/>
</testsuite> <!-- com.AML.TestCases.CustomerCard.CustomerDetailsFinancial0001 -->
