<?xml version="1.0" encoding="UTF-8"?>
<!-- Generated by org.testng.reporters.JUnitReportReporter -->
<testsuite hostname="AWSTDREMW01" failures="0" tests="1" name="com.AML.TestCases.CustomerCard.CustomerCardHomePage0008" time="19.292" errors="0" timestamp="2023-08-27T23:04:18 EEST" skipped="0">
  <testcase classname="com.AML.TestCases.CustomerCard.CustomerCardHomePage0008" name="Filter_CustomerCardHomePageBy_Customer_FirstName" time="19.292"/>
</testsuite> <!-- com.AML.TestCases.CustomerCard.CustomerCardHomePage0008 -->
