<?xml version="1.0" encoding="UTF-8"?>
<!-- Generated by org.testng.reporters.JUnitReportReporter -->
<testsuite hostname="ENEGQA09" failures="0" tests="1" name="com.AML.TestCases.DetectionManager.DoNotGenerateCasesOnFalsePositive" time="193.822" errors="0" timestamp="2023-03-29T07:45:54 EET" skipped="0">
  <testcase classname="com.AML.TestCases.DetectionManager.DoNotGenerateCasesOnFalsePositive" name="FalsePositive" time="193.822"/>
  <system-out/>
</testsuite> <!-- com.AML.TestCases.DetectionManager.DoNotGenerateCasesOnFalsePositive -->
