<?xml version="1.0" encoding="UTF-8"?>
<!-- Generated by org.testng.reporters.JUnitReportReporter -->
<testsuite hostname="ENEGQA09" failures="0" tests="1" name="com.AML.TestCases.DoNotGeneratingCasesOnFalsePositive" time="163.382" errors="0" timestamp="2023-02-19T23:45:47 EET" skipped="0">
  <testcase classname="com.AML.TestCases.DoNotGeneratingCasesOnFalsePositive" name="FalsePositive_Run" time="163.382"/>
  <system-out/>
</testsuite> <!-- com.AML.TestCases.DoNotGeneratingCasesOnFalsePositive -->
