<?xml version="1.0" encoding="UTF-8"?>
<!-- Generated by org.testng.reporters.JUnitReportReporter -->
<testsuite hostname="AWSTDREMW01" failures="0" tests="1" name="com.AML.TestCases.CustomerCard.CustomerDetailsEntity0019" time="133.045" errors="0" timestamp="2023-09-03T05:47:53 EEST" skipped="0">
  <testcase classname="com.AML.TestCases.CustomerCard.CustomerDetailsEntity0019" name="checkCaseNotesDataInNotesTabForEntityCustomer" time="133.045"/>
</testsuite> <!-- com.AML.TestCases.CustomerCard.CustomerDetailsEntity0019 -->
